#
# There is insufficient memory for the Java Runtime Environment to continue.
# Native memory allocation (mmap) failed to map 230686720 bytes. Error detail: G1 virtual space
# Possible reasons:
#   The system is out of physical RAM or swap space
#   This process is running with CompressedOops enabled, and the Java Heap may be blocking the growth of the native heap
# Possible solutions:
#   Reduce memory load on the system
#   Increase physical memory or swap space
#   Check if swap backing store is full
#   Decrease Java heap size (-Xmx/-Xms)
#   Decrease number of Java threads
#   Decrease Java thread stack sizes (-Xss)
#   Set larger code cache with -XX:ReservedCodeCacheSize=
#   JVM is running with Zero Based Compressed Oops mode in which the Java heap is
#     placed in the first 32GB address space. The Java Heap base address is the
#     maximum limit for the native heap growth. Please use -XX:HeapBaseMinAddress
#     to set the Java Heap base and to place the Java Heap above 32GB virtual address.
# This output file may be truncated or incomplete.
#
#  Out of Memory Error (os_windows.cpp:3631), pid=20836, tid=14272
#
# JRE version:  (22.0.2+9) (build )
# Java VM: Java HotSpot(TM) 64-Bit Server VM (22.0.2+9-70, mixed mode, sharing, tiered, compressed oops, compressed class ptrs, g1 gc, windows-amd64)
# No core dump will be written. Minidumps are not enabled by default on client versions of Windows
#

---------------  S U M M A R Y ------------

Command Line: com.mycompany.quanlydoituongdacbiet.QuanLyDoiTuong.QuanLyDoiTuongDacBiet

Host: AMD Ryzen 7 6800HS Creator Edition             , 16 cores, 13G,  Windows 11 , 64 bit Build 26100 (10.0.26100.4202)
Time: Sun Jul  6 18:00:23 2025 SE Asia Standard Time elapsed time: 0.013120 seconds (0d 0h 0m 0s)

---------------  T H R E A D  ---------------

Current thread (0x000001e9b612f840):  JavaThread "Unknown thread" [_thread_in_vm, id=14272, stack(0x000000a6a3200000,0x000000a6a3300000) (1024K)]

Stack: [0x000000a6a3200000,0x000000a6a3300000]
Native frames: (J=compiled Java code, j=interpreted, Vv=VM code, C=native code)
V  [jvm.dll+0x6e26e9]  (no source info available)
V  [jvm.dll+0x875753]  (no source info available)
V  [jvm.dll+0x877b7e]  (no source info available)
V  [jvm.dll+0x878253]  (no source info available)
V  [jvm.dll+0x27fc86]  (no source info available)
V  [jvm.dll+0x6ded85]  (no source info available)
V  [jvm.dll+0x6d388a]  (no source info available)
V  [jvm.dll+0x358b8a]  (no source info available)
V  [jvm.dll+0x3610b6]  (no source info available)
V  [jvm.dll+0x3b419e]  (no source info available)
V  [jvm.dll+0x3b4448]  (no source info available)
V  [jvm.dll+0x32c5ec]  (no source info available)
V  [jvm.dll+0x32d258]  (no source info available)
V  [jvm.dll+0x83d5ac]  (no source info available)
V  [jvm.dll+0x3c10d1]  (no source info available)
V  [jvm.dll+0x8264cc]  (no source info available)
V  [jvm.dll+0x45bd5e]  (no source info available)
V  [jvm.dll+0x45dbe1]  (no source info available)
C  [jli.dll+0x52a3]  (no source info available)
C  [ucrtbase.dll+0x37b0]  (no source info available)
C  [KERNEL32.DLL+0x2e8d7]  (no source info available)
C  [ntdll.dll+0x3c34c]  (no source info available)


---------------  P R O C E S S  ---------------

Threads class SMR info:
_java_thread_list=0x00007fffa872c1c8, length=0, elements={
}

Java Threads: ( => current thread )
Total: 0

Other Threads:
  0x000001e9b618cc50 WorkerThread "GC Thread#0"                     [id=8308, stack(0x000000a6a3300000,0x000000a6a3400000) (1024K)]
  0x000001e9b61b8fb0 ConcurrentGCThread "G1 Main Marker"            [id=24100, stack(0x000000a6a3400000,0x000000a6a3500000) (1024K)]
  0x000001e9b61bb270 WorkerThread "G1 Conc#0"                       [id=8592, stack(0x000000a6a3500000,0x000000a6a3600000) (1024K)]

[error occurred during error reporting (printing all threads), id 0xc0000005, EXCEPTION_ACCESS_VIOLATION (0xc0000005) at pc=0x00007fffa7e7f517]
VM state: not at safepoint (not fully initialized)

VM Mutex/Monitor currently owned by a thread:  ([mutex/lock_event])
[0x00007fffa87acc80] Heap_lock - owner thread: 0x000001e9b612f840

Heap address: 0x0000000724e00000, size: 3506 MB, Compressed Oops mode: Zero based, Oop shift amount: 3

CDS archive(s) mapped at: [0x0000000000000000-0x0000000000000000-0x0000000000000000), size 0, SharedBaseAddress: 0x0000000800000000, ArchiveRelocationMode: 1.
Narrow klass base: 0x0000000000000000, Narrow klass shift: 0, Narrow klass range: 0x0

GC Precious Log:
 CardTable entry size: 512
 Card Set container configuration: InlinePtr #cards 4 size 8 Array Of Cards #cards 16 size 48 Howl #buckets 8 coarsen threshold 3686 Howl Bitmap #cards 512 size 80 coarsen threshold 460 Card regions per heap region 1 cards per card region 4096

Heap:
 garbage-first heap   total reserved 3590144K, committed 0K, used 0K [0x0000000724e00000, 0x0000000800000000)
  region size 2048K, 0 young (0K), 0 survivors (0K)

[error occurred during error reporting (printing heap information), id 0xc0000005, EXCEPTION_ACCESS_VIOLATION (0xc0000005) at pc=0x00007fffa827e869]
GC Heap History (0 events):
No events

Dll operation events (1 events):
Event: 0.008 Loaded shared library C:\Program Files\Java\jdk-22\bin\java.dll

Deoptimization events (0 events):
No events

Classes loaded (0 events):
No events

Classes unloaded (0 events):
No events

Classes redefined (0 events):
No events

Internal exceptions (0 events):
No events

ZGC Phase Switch (0 events):
No events

VM Operations (0 events):
No events

Memory protections (0 events):
No events

Nmethod flushes (0 events):
No events

Events (0 events):
No events


Dynamic libraries:
0x00007ff67a420000 - 0x00007ff67a430000 	C:\Program Files\Java\jdk-22\bin\java.exe
0x00007ff85c220000 - 0x00007ff85c485000 	C:\WINDOWS\SYSTEM32\ntdll.dll
0x00007ff85ad80000 - 0x00007ff85ae49000 	C:\WINDOWS\System32\KERNEL32.DLL
0x00007ff859370000 - 0x00007ff859758000 	C:\WINDOWS\System32\KERNELBASE.dll
0x00007ff859a20000 - 0x00007ff859b6b000 	C:\WINDOWS\System32\ucrtbase.dll
0x00007ff8483a0000 - 0x00007ff8483bb000 	C:\Program Files\Java\jdk-22\bin\VCRUNTIME140.dll
0x00007ff844710000 - 0x00007ff844727000 	C:\Program Files\Java\jdk-22\bin\jli.dll
0x00007ff85a850000 - 0x00007ff85aa1a000 	C:\WINDOWS\System32\USER32.dll
0x00007ff83f230000 - 0x00007ff83f4ca000 	C:\WINDOWS\WinSxS\amd64_microsoft.windows.common-controls_6595b64144ccf1df_6.0.26100.4202_none_3e0698d4e335f517\COMCTL32.dll
0x00007ff859760000 - 0x00007ff859787000 	C:\WINDOWS\System32\win32u.dll
0x00007ff85c100000 - 0x00007ff85c12b000 	C:\WINDOWS\System32\GDI32.dll
0x00007ff85c130000 - 0x00007ff85c1d9000 	C:\WINDOWS\System32\msvcrt.dll
0x00007ff859820000 - 0x00007ff859957000 	C:\WINDOWS\System32\gdi32full.dll
0x00007ff859b70000 - 0x00007ff859c13000 	C:\WINDOWS\System32\msvcp_win.dll
0x00007ff85bfd0000 - 0x00007ff85c000000 	C:\WINDOWS\System32\IMM32.DLL
0x00007ff8484b0000 - 0x00007ff8484bc000 	C:\Program Files\Java\jdk-22\bin\vcruntime140_1.dll
0x00007ff82f2a0000 - 0x00007ff82f32e000 	C:\Program Files\Java\jdk-22\bin\msvcp140.dll
0x00007fffa7b40000 - 0x00007fffa8889000 	C:\Program Files\Java\jdk-22\bin\server\jvm.dll
0x00007ff85aa70000 - 0x00007ff85ab23000 	C:\WINDOWS\System32\ADVAPI32.dll
0x00007ff85b7a0000 - 0x00007ff85b846000 	C:\WINDOWS\System32\sechost.dll
0x00007ff85abb0000 - 0x00007ff85acc5000 	C:\WINDOWS\System32\RPCRT4.dll
0x00007ff85ae50000 - 0x00007ff85aec4000 	C:\WINDOWS\System32\WS2_32.dll
0x00007ff8591c0000 - 0x00007ff85921e000 	C:\WINDOWS\SYSTEM32\POWRPROF.dll
0x00007ff8506c0000 - 0x00007ff8506f5000 	C:\WINDOWS\SYSTEM32\WINMM.dll
0x00007ff850700000 - 0x00007ff85070b000 	C:\WINDOWS\SYSTEM32\VERSION.dll
0x00007ff8591a0000 - 0x00007ff8591b4000 	C:\WINDOWS\SYSTEM32\UMPDC.dll
0x00007ff858110000 - 0x00007ff85812b000 	C:\WINDOWS\SYSTEM32\kernel.appcore.dll
0x00007ff846720000 - 0x00007ff84672a000 	C:\Program Files\Java\jdk-22\bin\jimage.dll
0x00007ff856cf0000 - 0x00007ff856f31000 	C:\WINDOWS\SYSTEM32\DBGHELP.DLL
0x00007ff85b080000 - 0x00007ff85b405000 	C:\WINDOWS\System32\combase.dll
0x00007ff85c010000 - 0x00007ff85c0f1000 	C:\WINDOWS\System32\OLEAUT32.dll
0x00007ff83c920000 - 0x00007ff83c959000 	C:\WINDOWS\SYSTEM32\dbgcore.DLL
0x00007ff859da0000 - 0x00007ff859e39000 	C:\WINDOWS\System32\bcryptPrimitives.dll
0x00007ff8468b0000 - 0x00007ff8468ce000 	C:\Program Files\Java\jdk-22\bin\java.dll
0x00007ff85a100000 - 0x00007ff85a842000 	C:\WINDOWS\System32\SHELL32.dll
0x00007ff859e40000 - 0x00007ff859fb4000 	C:\WINDOWS\System32\wintypes.dll
0x00007ff85aed0000 - 0x00007ff85b06e000 	C:\WINDOWS\System32\ole32.dll

dbghelp: loaded successfully - version: 4.0.5 - missing functions: none
symbol engine: initialized successfully - sym options: 0x614 - pdb path: .;C:\Program Files\Java\jdk-22\bin;C:\WINDOWS\SYSTEM32;C:\WINDOWS\WinSxS\amd64_microsoft.windows.common-controls_6595b64144ccf1df_6.0.26100.4202_none_3e0698d4e335f517;C:\Program Files\Java\jdk-22\bin\server

VM Arguments:
java_command: com.mycompany.quanlydoituongdacbiet.QuanLyDoiTuong.QuanLyDoiTuongDacBiet
java_class_path (initial): D:\Nhom8_DeTai3\target\classes;C:\Users\tung1\.m2\repository\jakarta\xml\bind\jakarta.xml.bind-api\2.3.3\jakarta.xml.bind-api-2.3.3.jar;C:\Users\tung1\.m2\repository\jakarta\activation\jakarta.activation-api\1.2.2\jakarta.activation-api-1.2.2.jar;C:\Users\tung1\.m2\repository\javax\xml\bind\jaxb-api\2.3.1\jaxb-api-2.3.1.jar;C:\Users\tung1\.m2\repository\javax\activation\javax.activation-api\1.2.0\javax.activation-api-1.2.0.jar;C:\Users\tung1\.m2\repository\com\sun\xml\bind\jaxb-impl\2.3.4\jaxb-impl-2.3.4.jar;C:\Users\tung1\.m2\repository\com\sun\activation\jakarta.activation\1.2.2\jakarta.activation-1.2.2.jar;C:\Users\tung1\.m2\repository\unknown\binary\KGradientPanel\SNAPSHOT\KGradientPanel-SNAPSHOT.jar;C:\Users\tung1\.m2\repository\com\toedter\jcalendar\1.4\jcalendar-1.4.jar;C:\Users\tung1\.m2\repository\unknown\binary\TimingFramework-0.55\SNAPSHOT\TimingFramework-0.55-SNAPSHOT.jar;C:\Users\tung1\.m2\repository\unknown\binary\mysql-connector-java-5.1.23-bin\SNAPSHOT\mysql-connector-java-5.1.23-bin-SNAPSHOT.jar
Launcher Type: SUN_STANDARD

[Global flags]
     intx CICompilerCount                          = 12                                        {product} {ergonomic}
     uint ConcGCThreads                            = 3                                         {product} {ergonomic}
     uint G1ConcRefinementThreads                  = 13                                        {product} {ergonomic}
   size_t G1HeapRegionSize                         = 2097152                                   {product} {ergonomic}
   size_t InitialHeapSize                          = 230686720                                 {product} {ergonomic}
   size_t MarkStackSize                            = 4194304                                   {product} {ergonomic}
   size_t MaxHeapSize                              = 3676307456                                {product} {ergonomic}
   size_t MinHeapDeltaBytes                        = 2097152                                   {product} {ergonomic}
   size_t MinHeapSize                              = 8388608                                   {product} {ergonomic}
    uintx NonNMethodCodeHeapSize                   = 7602480                                {pd product} {ergonomic}
    uintx NonProfiledCodeHeapSize                  = 122027880                              {pd product} {ergonomic}
    uintx ProfiledCodeHeapSize                     = 122027880                              {pd product} {ergonomic}
    uintx ReservedCodeCacheSize                    = 251658240                              {pd product} {ergonomic}
     bool SegmentedCodeCache                       = true                                      {product} {ergonomic}
   size_t SoftMaxHeapSize                          = 3676307456                             {manageable} {ergonomic}
     bool UseCompressedOops                        = true                           {product lp64_product} {ergonomic}
     bool UseG1GC                                  = true                                      {product} {ergonomic}
     bool UseLargePagesIndividualAllocation        = false                                  {pd product} {ergonomic}

Logging:
Log output configuration:
 #0: stdout all=warning uptime,level,tags foldmultilines=false
 #1: stderr all=off uptime,level,tags foldmultilines=false

Environment Variables:
JAVA_HOME=C:\Program Files\Java\jdk-22
PATH=C:\Program Files\Common Files\Oracle\Java\javapath;C:\Windows\system32;C:\Windows;C:\Windows\System32\Wbem;C:\Windows\System32\WindowsPowerShell\v1.0\;C:\Windows\System32\OpenSSH\;C:\Program Files (x86)\NVIDIA Corporation\PhysX\Common;C:\Program Files\NVIDIA Corporation\NVIDIA NvDLISR;C:\WINDOWS\system32;C:\WINDOWS;C:\WINDOWS\System32\Wbem;C:\WINDOWS\System32\WindowsPowerShell\v1.0\;C:\WINDOWS\System32\OpenSSH\;C:\Laravel\php;C:\ProgramData\ComposerSetup\bin;C:\Program Files\Git\cmd;C:\ProgramData\chocolatey\bin;C:\tools\gsudo\Current;C:\Program Files\nodejs\;C:\Program Files\DDEV;C:\Program Files\Docker\Docker\resources\bin;C:\Users\tung1\AppData\Local\Microsoft\WindowsApps;C:\Users\tung1\AppData\Roaming\Composer\vendor\bin;C:\xampp\php;C:\mingw64\bin;C:\Program Files\JetBrains\PhpStorm 2025.1.0.1\bin;;C:\Users\tung1\AppData\Local\Programs\cursor\resources\app\bin;C:\Users\tung1\AppData\Roaming\npm;C:\Users\tung1\AppData\Local\Programs\Microsoft VS Code\bin
USERNAME=tung1
OS=Windows_NT
PROCESSOR_IDENTIFIER=AMD64 Family 25 Model 68 Stepping 1, AuthenticAMD
TMP=C:\Users\tung1\AppData\Local\Temp
TEMP=C:\Users\tung1\AppData\Local\Temp




Periodic native trim disabled

---------------  S Y S T E M  ---------------

OS:
 Windows 11 , 64 bit Build 26100 (10.0.26100.4202)
OS uptime: 0 days 2:06 hours
Hyper-V role detected

CPU: total 16 (initial active 16) (16 cores per cpu, 2 threads per core) family 25 model 68 stepping 1 microcode 0xa404102, cx8, cmov, fxsr, ht, mmx, 3dnowpref, sse, sse2, sse3, ssse3, sse4a, sse4.1, sse4.2, popcnt, lzcnt, tsc, tscinvbit, avx, avx2, aes, erms, clmul, bmi1, bmi2, adx, sha, fma, vzeroupper, clflush, clflushopt, hv, rdtscp, rdpid, fsrm, f16c, cet_ss
Processor Information for processor 0
  Max Mhz: 3201, Current Mhz: 2566, Mhz Limit: 3201
Processor Information for processor 1
  Max Mhz: 3201, Current Mhz: 3201, Mhz Limit: 3201
Processor Information for processor 2
  Max Mhz: 3201, Current Mhz: 2566, Mhz Limit: 3201
Processor Information for processor 3
  Max Mhz: 3201, Current Mhz: 3201, Mhz Limit: 3201
Processor Information for processor 4
  Max Mhz: 3201, Current Mhz: 3201, Mhz Limit: 3201
Processor Information for processor 5
  Max Mhz: 3201, Current Mhz: 2566, Mhz Limit: 3201
Processor Information for processor 6
  Max Mhz: 3201, Current Mhz: 3201, Mhz Limit: 3201
Processor Information for processor 7
  Max Mhz: 3201, Current Mhz: 2566, Mhz Limit: 3201
Processor Information for processor 8
  Max Mhz: 3201, Current Mhz: 3201, Mhz Limit: 3201
Processor Information for processor 9
  Max Mhz: 3201, Current Mhz: 3201, Mhz Limit: 3201
Processor Information for processor 10
  Max Mhz: 3201, Current Mhz: 3201, Mhz Limit: 3201
Processor Information for processor 11
  Max Mhz: 3201, Current Mhz: 2566, Mhz Limit: 3201
Processor Information for processor 12
  Max Mhz: 3201, Current Mhz: 3201, Mhz Limit: 3201
Processor Information for processor 13
  Max Mhz: 3201, Current Mhz: 3201, Mhz Limit: 3201
Processor Information for processor 14
  Max Mhz: 3201, Current Mhz: 3201, Mhz Limit: 3201
Processor Information for processor 15
  Max Mhz: 3201, Current Mhz: 2566, Mhz Limit: 3201

Memory: 4k page, system-wide physical 14020M (1551M free)
TotalPageFile size 18092M (AvailPageFile size 150M)
current process WorkingSet (physical memory assigned to process): 13M, peak: 13M
current process commit charge ("private bytes"): 71M, peak: 291M

vm_info: Java HotSpot(TM) 64-Bit Server VM (22.0.2+9-70) for windows-amd64 JRE (22.0.2+9-70), built on 2024-06-04T16:52:23Z by "mach5one" with MS VC++ 17.6 (VS2022)

END.
